<?xml version="1.0" encoding="UTF-8" ?>
<testsuite tests="6" failures="5" name="com.is.swgflooring.service.SwgServiceImplTest" time="0" errors="0" skipped="0">
  <properties>
    <property name="java.runtime.name" value="OpenJDK Runtime Environment"/>
    <property name="java.vm.version" value="11.0.4+11"/>
    <property name="sun.boot.library.path" value="C:\Program Files\AdoptOpenJDK\jdk-11.0.4+11\bin"/>
    <property name="maven.multiModuleProjectDirectory" value="C:\Users\ibby4\Desktop\lagcc-java-c9-IblasioS418\Summatives\JAVA OOP\Mastery Summative\SWGFlooring"/>
    <property name="java.vm.vendor" value="AdoptOpenJDK"/>
    <property name="java.vendor.url" value="https://adoptopenjdk.net/"/>
    <property name="guice.disable.misplaced.annotation.check" value="true"/>
    <property name="path.separator" value=";"/>
    <property name="java.vm.name" value="OpenJDK 64-Bit Server VM"/>
    <property name="sun.os.patch.level" value=""/>
    <property name="user.script" value=""/>
    <property name="user.country" value="US"/>
    <property name="sun.java.launcher" value="SUN_STANDARD"/>
    <property name="java.vm.specification.name" value="Java Virtual Machine Specification"/>
    <property name="user.dir" value="C:\Users\ibby4\Desktop\lagcc-java-c9-IblasioS418\Summatives\JAVA OOP\Mastery Summative\SWGFlooring"/>
    <property name="java.vm.compressedOopsMode" value="32-bit"/>
    <property name="java.runtime.version" value="11.0.4+11"/>
    <property name="java.awt.graphicsenv" value="sun.awt.Win32GraphicsEnvironment"/>
    <property name="os.arch" value="amd64"/>
    <property name="java.io.tmpdir" value="C:\Users\ibby4\AppData\Local\Temp\"/>
    <property name="line.separator" value="
"/>
    <property name="java.vm.specification.vendor" value="Oracle Corporation"/>
    <property name="user.variant" value=""/>
    <property name="os.name" value="Windows 10"/>
    <property name="maven.ext.class.path" value="C:\Users\ibby4\Downloads\incubating-netbeans-11.0-bin\netbeans\java\maven-nblib\netbeans-eventspy.jar"/>
    <property name="classworlds.conf" value="C:\Users\ibby4\Downloads\incubating-netbeans-11.0-bin\netbeans\java\maven\bin\m2.conf"/>
    <property name="sun.jnu.encoding" value="Cp1252"/>
    <property name="java.library.path" value="C:\Program Files\AdoptOpenJDK\jdk-11.0.4+11\bin;C:\WINDOWS\Sun\Java\bin;C:\WINDOWS\system32;C:\WINDOWS;C:\Program Files\AdoptOpenJDK\jdk-11.0.5.10-hotspot\bin;C:\WINDOWS\system32;C:\WINDOWS;C:\WINDOWS\System32\Wbem;C:\WINDOWS\System32\WindowsPowerShell\v1.0\;C:\WINDOWS\System32\OpenSSH\;C:\Program Files\Git\cmd;C:\Program Files\nodejs\;C:\Program Files (x86)\Yarn\bin\;C:\Program Files\MySQL\MySQL Shell 8.0\bin\;C:\Users\ibby4\AppData\Local\Microsoft\WindowsApps;C:\Users\ibby4\AppData\Local\hyper\app-3.0.2\resources\bin;C:\Users\ibby4\AppData\Local\atom\bin;C:\Users\ibby4\AppData\Local\Programs\Microsoft VS Code\bin;C:\Users\ibby4\AppData\Roaming\npm;C:\Users\ibby4\AppData\Local\Yarn\bin;;."/>
    <property name="jdk.debug" value="release"/>
    <property name="java.class.version" value="55.0"/>
    <property name="java.specification.name" value="Java Platform API Specification"/>
    <property name="sun.management.compiler" value="HotSpot 64-Bit Tiered Compilers"/>
    <property name="os.version" value="10.0"/>
    <property name="user.home" value="C:\Users\ibby4"/>
    <property name="user.timezone" value="America/New_York"/>
    <property name="java.awt.printerjob" value="sun.awt.windows.WPrinterJob"/>
    <property name="file.encoding" value="UTF-8"/>
    <property name="java.specification.version" value="11"/>
    <property name="user.name" value="ibby4"/>
    <property name="java.class.path" value="C:\Users\ibby4\Downloads\incubating-netbeans-11.0-bin\netbeans\java\maven\boot\plexus-classworlds-2.5.2.jar"/>
    <property name="java.vm.specification.version" value="11"/>
    <property name="sun.arch.data.model" value="64"/>
    <property name="sun.java.command" value="org.codehaus.plexus.classworlds.launcher.Launcher -Dmaven.ext.class.path=C:\Users\ibby4\Downloads\incubating-netbeans-11.0-bin\netbeans\java\maven-nblib\netbeans-eventspy.jar -Dfile.encoding=UTF-8 clean install"/>
    <property name="java.home" value="C:\Program Files\AdoptOpenJDK\jdk-11.0.4+11"/>
    <property name="user.language" value="en"/>
    <property name="java.specification.vendor" value="Oracle Corporation"/>
    <property name="awt.toolkit" value="sun.awt.windows.WToolkit"/>
    <property name="java.vm.info" value="mixed mode"/>
    <property name="java.version" value="11.0.4"/>
    <property name="java.vendor" value="AdoptOpenJDK"/>
    <property name="maven.home" value="C:\Users\ibby4\Downloads\incubating-netbeans-11.0-bin\netbeans\java\maven"/>
    <property name="file.separator" value="\"/>
    <property name="java.version.date" value="2019-07-16"/>
    <property name="java.vendor.url.bug" value="https://github.com/AdoptOpenJDK/openjdk-build/issues"/>
    <property name="sun.io.unicode.encoding" value="UnicodeLittle"/>
    <property name="sun.cpu.endian" value="little"/>
    <property name="java.vendor.version" value="AdoptOpenJDK"/>
    <property name="sun.desktop" value="windows"/>
    <property name="sun.cpu.isalist" value="amd64"/>
  </properties>
  <testcase classname="com.is.swgflooring.service.SwgServiceImplTest" name="com.is.swgflooring.service.SwgServiceImplTest.testAddOrder" time="0"/>
  <testcase classname="com.is.swgflooring.service.SwgServiceImplTest" name="com.is.swgflooring.service.SwgServiceImplTest.testGetallOrders" time="0">
    <failure type="java.lang.NullPointerException">java.lang.NullPointerException
	at com.is.swgflooring.service.SwgServiceImplTest.testGetallOrders(SwgServiceImplTest.java:73)
</failure>
    <system-out>getallOrders
</system-out>
  </testcase>
  <testcase classname="com.is.swgflooring.service.SwgServiceImplTest" name="com.is.swgflooring.service.SwgServiceImplTest.testValidate" time="0">
    <failure message="The test case is a prototype." type="org.opentest4j.AssertionFailedError">org.opentest4j.AssertionFailedError: The test case is a prototype.
	at org.junit.jupiter.api.AssertionUtils.fail(AssertionUtils.java:38)
	at org.junit.jupiter.api.Assertions.fail(Assertions.java:84)
	at com.is.swgflooring.service.SwgServiceImplTest.testValidate(SwgServiceImplTest.java:101)
</failure>
    <system-out>validate
</system-out>
  </testcase>
  <testcase classname="com.is.swgflooring.service.SwgServiceImplTest" name="com.is.swgflooring.service.SwgServiceImplTest.testCalculate" time="0">
    <failure type="java.lang.NullPointerException">java.lang.NullPointerException
	at com.is.swgflooring.service.SwgServiceImplTest.testCalculate(SwgServiceImplTest.java:87)
</failure>
    <system-out>calculate
</system-out>
  </testcase>
  <testcase classname="com.is.swgflooring.service.SwgServiceImplTest" name="com.is.swgflooring.service.SwgServiceImplTest.testViewOrder" time="0">
    <failure type="java.lang.NullPointerException">java.lang.NullPointerException
	at com.is.swgflooring.service.SwgServiceImplTest.testViewOrder(SwgServiceImplTest.java:114)
</failure>
    <system-out>viewOrder
</system-out>
  </testcase>
  <testcase classname="com.is.swgflooring.service.SwgServiceImplTest" name="com.is.swgflooring.service.SwgServiceImplTest.testRemoveOrder" time="0">
    <failure type="java.lang.NullPointerException">java.lang.NullPointerException
	at com.is.swgflooring.service.SwgServiceImplTest.testRemoveOrder(SwgServiceImplTest.java:129)
</failure>
    <system-out>removeOrder
</system-out>
  </testcase>
</testsuite>